<?xml version="1.0" encoding="utf-8"?><testsuites name="pytest tests"><testsuite name="pytest" errors="0" failures="0" skipped="0" tests="10" time="5.795" timestamp="2026-03-11T00:31:51.506088+00:00" hostname="agent-env-ea2a3736-0f32-4d52-976e-742f5ac28fd4"><testcase classname="backend.tests.test_order_lifecycle.TestOrderCancel" name="test_create_order_for_cancel_test" time="2.557" /><testcase classname="backend.tests.test_order_lifecycle.TestOrderCancel" name="test_cancel_order_success" time="0.371" /><testcase classname="backend.tests.test_order_lifecycle.TestOrderCancel" name="test_verify_canceled_order_status" time="0.231" /><testcase classname="backend.tests.test_order_lifecycle.TestOrderCancel" name="test_cannot_cancel_already_canceled_order" time="0.276" /><testcase classname="backend.tests.test_order_lifecycle.TestOrderCancel" name="test_cancel_nonexistent_order" time="0.318" /><testcase classname="backend.tests.test_order_lifecycle.TestOrderCancel" name="test_canceled_order_in_history" time="0.384" /><testcase classname="backend.tests.test_order_lifecycle.TestCleanupOldOrders" name="test_cleanup_endpoint_exists" time="0.270" /><testcase classname="backend.tests.test_order_lifecycle.TestCleanupOldOrders" name="test_cleanup_requires_auth" time="0.139" /><testcase classname="backend.tests.test_order_lifecycle.TestOrderStatusFiltering" name="test_get_orders_returns_all_statuses" time="0.294" /><testcase classname="backend.tests.test_order_lifecycle.TestCancelOrderAuth" name="test_cancel_requires_auth" time="0.896" /></testsuite></testsuites>