<?xml version="1.0" encoding="utf-8"?><testsuites name="pytest tests"><testsuite name="pytest" errors="0" failures="0" skipped="0" tests="13" time="8.094" timestamp="2026-03-18T01:02:54.892516+00:00" hostname="agent-env-63bd7d59-1006-40f0-98a2-2637ac05eb93"><testcase classname="backend.tests.test_menu_unification.TestRestaurantsAPI" name="test_get_restaurants_returns_list" time="1.380" /><testcase classname="backend.tests.test_menu_unification.TestRestaurantsAPI" name="test_get_restaurant_has_required_fields" time="0.177" /><testcase classname="backend.tests.test_menu_unification.TestCategoriesAPI" name="test_get_categories_returns_list" time="0.185" /><testcase classname="backend.tests.test_menu_unification.TestCategoriesAPI" name="test_category_has_required_fields" time="0.173" /><testcase classname="backend.tests.test_menu_unification.TestCategoriesAPI" name="test_categories_sorted_by_display_order" time="0.176" /><testcase classname="backend.tests.test_menu_unification.TestProductsAPI" name="test_get_products_returns_list" time="0.186" /><testcase classname="backend.tests.test_menu_unification.TestProductsAPI" name="test_product_has_required_fields" time="0.189" /><testcase classname="backend.tests.test_menu_unification.TestProductsAPI" name="test_products_sorted_by_display_order" time="0.183" /><testcase classname="backend.tests.test_menu_unification.TestMenuConfigAPI" name="test_get_menu_config_returns_expected_fields" time="0.188" /><testcase classname="backend.tests.test_menu_unification.TestMenuConfigAPI" name="test_update_menu_config" time="2.771" /><testcase classname="backend.tests.test_menu_unification.TestAuthenticationAPI" name="test_login_with_valid_credentials" time="0.398" /><testcase classname="backend.tests.test_menu_unification.TestAuthenticationAPI" name="test_signup_creates_user_and_restaurant" time="1.214" /><testcase classname="backend.tests.test_menu_unification.TestProductsWithNewFields" name="test_create_product_with_highlighted_and_display_order" time="0.805" /></testsuite></testsuites>